###############################################################################
#                                                                             #
#     IAR Assembler V5.50.0.51878/W32 for ARM 14/Mar/2021  19:14:53           #
#     Copyright (C) 1999-2010 IAR Systems AB.                                 #
#                                                                             #
#           Source file   =  C:\Projects\in-18-nixie-clock\at91lib\peripherals\cp15\cp15_asm_iar.s#
#           List file     =  C:\Projects\in-18-nixie-clock\at91sam7s-ek\usb-device-cdc-serial-project\ewp\at91sam7s128_flash\List\cp15_asm_iar.lst#
#           Object file   =  C:\Projects\in-18-nixie-clock\at91sam7s-ek\usb-device-cdc-serial-project\ewp\at91sam7s128_flash\Obj\cp15_asm_iar.o#
#           Command line  =  C:\Projects\in-18-nixie-clock\at91lib\peripherals\cp15\cp15_asm_iar.s #
#                            -OC:\Projects\in-18-nixie-clock\at91sam7s-ek\usb-device-cdc-serial-project\ewp\at91sam7s128_flash\Obj\ #
#                            -s+ -M<> -w+ -r -Dat91sam7s128 -Dflash           #
#                            -DTRACE_LEVEL=3                                  #
#                            -LC:\Projects\in-18-nixie-clock\at91sam7s-ek\usb-device-cdc-serial-project\ewp\at91sam7s128_flash\List\ #
#                            -t8 --cpu ARM7TDMI --fpu None                    #
#                            -IC:\Program Files (x86)\IAR Systems\Embedded Workbench 5.4\arm\INC\ #
#                            -IC:\Projects\in-18-nixie-clock\at91sam7s-ek\usb-device-cdc-serial-project\ewp\..\..\..\at91lib\ #
#                            -IC:\Projects\in-18-nixie-clock\at91sam7s-ek\usb-device-cdc-serial-project\ewp\..\..\..\at91lib\peripherals\ #
#                            -IC:\Projects\in-18-nixie-clock\at91sam7s-ek\usb-device-cdc-serial-project\ewp\..\..\..\at91lib\boards\at91sam7s-ek\ #
#                                                                             #
###############################################################################

    1                          /* --------------------------------------------
                               --------------------------------
    2                           *         ATMEL Microcontroller Software
                                Support 
    3                           * --------------------------------------------
                               --------------------------------
    4                           * Copyright (c) 2008, Atmel Corporation
    5                           *
    6                           * All rights reserved.
    7                           *
    8                           * Redistribution and use in source and binary
                                forms, with or without
    9                           * modification, are permitted provided that
                                the following conditions are met:
   10                           *
   11                           * - Redistributions of source code must retain
                                the above copyright notice,
   12                           * this list of conditions and the disclaimer
                                below.
   13                           *
   14                           * Atmel's name may not be used to endorse or
                                promote products derived from
   15                           * this software without specific prior written
                                permission.
   16                           *
   17                           * DISCLAIMER: THIS SOFTWARE IS PROVIDED BY
                                ATMEL "AS IS" AND ANY EXPRESS OR
   18                           * IMPLIED WARRANTIES, INCLUDING, BUT NOT
                                LIMITED TO, THE IMPLIED WARRANTIES OF
   19                           * MERCHANTABILITY, FITNESS FOR A PARTICULAR
                                PURPOSE AND NON-INFRINGEMENT ARE
   20                           * DISCLAIMED. IN NO EVENT SHALL ATMEL BE
                                LIABLE FOR ANY DIRECT, INDIRECT,
   21                           * INCIDENTAL, SPECIAL, EXEMPLARY, OR
                                CONSEQUENTIAL DAMAGES (INCLUDING, BUT
                                NOT
   22                           * LIMITED TO, PROCUREMENT OF SUBSTITUTE GOODS
                                OR SERVICES; LOSS OF USE, DATA,
   23                           * OR PROFITS; OR BUSINESS INTERRUPTION)
                                HOWEVER CAUSED AND ON ANY THEORY OF
   24                           * LIABILITY, WHETHER IN CONTRACT, STRICT
                                LIABILITY, OR TORT (INCLUDING
   25                           * NEGLIGENCE OR OTHERWISE) ARISING IN ANY WAY
                                OUT OF THE USE OF THIS SOFTWARE,
   26                           * EVEN IF ADVISED OF THE POSSIBILITY OF SUCH
                                DAMAGE.
   27                           * --------------------------------------------
                               --------------------------------
   28                           */
   29                          
   30                                  MODULE  ?cp15
   31                          
   32                                  ;; Forward declaration of sections.
   33                                  SECTION IRQ_STACK:DATA:NOROOT(2)
   34                                  SECTION CSTACK:DATA:NOROOT(3)
   35                          
   36                          //---------------------------------------------
                               ---------------------------------
   37                          //         Headers
   38                          //---------------------------------------------
                               ---------------------------------
   39                          
   40                          #define __ASSEMBLY__
   41                          #include "board.h"
   42                          
   43                          #ifdef CP15_PRESENT
  657                          #endif
  658                              END
##############################
#           CRC:0            #
#        Errors:   0         #
#        Warnings: 0         #
#          Bytes: 0          #
##############################



